

================================================================
== Vitis HLS Report for 'runOnfpga'
================================================================
* Date:           Thu May  2 16:30:21 2024

* Version:        2021.2 (Build 3367213 on Tue Oct 19 02:47:39 MDT 2021)
* Project:        runOnfpga
* Solution:       solution (Vitis Kernel Flow Target)
* Product family: virtexuplus
* Target device:  xcvu9p-flgb2104-2-i


================================================================
== Performance Estimates
================================================================
+ Timing: 
    * Summary: 
    +--------+---------+----------+------------+
    |  Clock |  Target | Estimated| Uncertainty|
    +--------+---------+----------+------------+
    |ap_clk  |  4.00 ns|  3.227 ns|     1.08 ns|
    +--------+---------+----------+------------+

+ Latency: 
    * Summary: 
    +---------+---------+----------+----------+-----+-----+---------+
    |  Latency (cycles) |  Latency (absolute) |  Interval | Pipeline|
    |   min   |   max   |    min   |    max   | min | max |   Type  |
    +---------+---------+----------+----------+-----+-----+---------+
    |        ?|        ?|         ?|         ?|    ?|    ?|       no|
    +---------+---------+----------+----------+-----+-----+---------+

    + Detail: 
        * Instance: 
        +------------------------------------------------+-------------------------------------+----------+------------+-----------+-----------+----------+------------+---------+
        |                                                |                                     |    Latency (cycles)   |   Latency (absolute)  |        Interval       | Pipeline|
        |                    Instance                    |                Module               |    min   |     max    |    min    |    max    |    min   |     max    |   Type  |
        +------------------------------------------------+-------------------------------------+----------+------------+-----------+-----------+----------+------------+---------+
        |grp_runOnfpga_Pipeline_1_fu_691                 |runOnfpga_Pipeline_1                 |         6|           6|  24.000 ns|  24.000 ns|         6|           6|       no|
        |grp_runOnfpga_Pipeline_main_1_fu_699            |runOnfpga_Pipeline_main_1            |       211|         211|   0.844 us|   0.844 us|       211|         211|       no|
        |grp_runOnfpga_Pipeline_init_1_fu_710            |runOnfpga_Pipeline_init_1            |      1602|        1602|   6.408 us|   6.408 us|      1602|        1602|       no|
        |grp_runOnfpga_Pipeline_init_2_fu_717            |runOnfpga_Pipeline_init_2            |     10002|       10002|  40.008 us|  40.008 us|     10002|       10002|       no|
        |grp_runOnfpga_Pipeline_6_fu_722                 |runOnfpga_Pipeline_6                 |       302|         302|   1.208 us|   1.208 us|       302|         302|       no|
        |grp_runOnfpga_Pipeline_main_2_2_fu_727          |runOnfpga_Pipeline_main_2_2          |         ?|           ?|          ?|          ?|         ?|           ?|       no|
        |grp_runOnfpga_Pipeline_alm_1_alm_2_fu_739       |runOnfpga_Pipeline_alm_1_alm_2       |        82|          82|   0.328 us|   0.328 us|        82|          82|       no|
        |grp_runOnfpga_Pipeline_main_5_fu_763            |runOnfpga_Pipeline_main_5            |         4|           4|  16.000 ns|  16.000 ns|         4|           4|       no|
        |grp_runOnfpga_Pipeline_main_11_fu_770           |runOnfpga_Pipeline_main_11           |         6|           6|  24.000 ns|  24.000 ns|         6|           6|       no|
        |grp_hw_sim_ihp_fu_779                           |hw_sim_ihp                           |    707220|  1414436002|   2.829 ms|  5.658 sec|    707220|  1414436002|       no|
        |grp_hw_sim_ast_fu_841                           |hw_sim_ast                           |  56085709|    56085709|  0.224 sec|  0.224 sec|  56085709|    56085709|       no|
        |grp_sim_alm_coeff_fu_854                        |sim_alm_coeff                        |      5990|      188662|  23.960 us|   0.755 ms|      5990|      188662|       no|
        |grp_runOnfpga_Pipeline_VITIS_LOOP_227_2_fu_868  |runOnfpga_Pipeline_VITIS_LOOP_227_2  |     10003|       10003|  40.012 us|  40.012 us|     10003|       10003|       no|
        |grp_runOnfpga_Pipeline_main_7_fu_874            |runOnfpga_Pipeline_main_7            |      1670|        1670|   6.680 us|   6.680 us|      1670|        1670|       no|
        |grp_runOnfpga_Pipeline_main_10_fu_883           |runOnfpga_Pipeline_main_10           |     10071|       10071|  40.284 us|  40.284 us|     10071|       10071|       no|
        |grp_runOnfpga_Pipeline_main_12_fu_892           |runOnfpga_Pipeline_main_12           |         ?|           ?|          ?|          ?|         ?|           ?|       no|
        +------------------------------------------------+-------------------------------------+----------+------------+-----------+-----------+----------+------------+---------+

        * Loop: 
        +--------------------+---------+---------+-----------------------+-----------+-----------+-------+----------+
        |                    |  Latency (cycles) |       Iteration       |  Initiation Interval  |  Trip |          |
        |      Loop Name     |   min   |   max   |        Latency        |  achieved |   target  | Count | Pipelined|
        +--------------------+---------+---------+-----------------------+-----------+-----------+-------+----------+
        |- main_2            |        ?|        ?|                      ?|          -|          -|   1100|        no|
        |- VITIS_LOOP_198_1  |        ?|        ?|  56879013 ~ 1470800470|          -|          -|      ?|        no|
        | + ast_kcross       |    80000|    80000|                      8|          -|          -|  10000|        no|
        +--------------------+---------+---------+-----------------------+-----------+-----------+-------+----------+



================================================================
== Utilization Estimates
================================================================
* Summary: 
+---------------------+---------+------+---------+---------+-----+
|         Name        | BRAM_18K|  DSP |    FF   |   LUT   | URAM|
+---------------------+---------+------+---------+---------+-----+
|DSP                  |        -|     -|        -|        -|    -|
|Expression           |        -|     -|        0|     5089|    -|
|FIFO                 |        -|     -|        -|        -|    -|
|Instance             |       60|   405|    73298|    90412|    1|
|Memory               |       73|     -|       76|      398|   13|
|Multiplexer          |        -|     -|        -|     4638|    -|
|Register             |        -|     -|     4382|        -|    -|
+---------------------+---------+------+---------+---------+-----+
|Total                |      133|   405|    77756|   100537|   14|
+---------------------+---------+------+---------+---------+-----+
|Available SLR        |     1440|  2280|   788160|   394080|  320|
+---------------------+---------+------+---------+---------+-----+
|Utilization SLR (%)  |        9|    17|        9|       25|    4|
+---------------------+---------+------+---------+---------+-----+
|Available            |     4320|  6840|  2364480|  1182240|  960|
+---------------------+---------+------+---------+---------+-----+
|Utilization (%)      |        3|     5|        3|        8|    1|
+---------------------+---------+------+---------+---------+-----+

+ Detail: 
    * Instance: 
    +------------------------------------------------+-------------------------------------+---------+-----+-------+-------+-----+
    |                    Instance                    |                Module               | BRAM_18K| DSP |   FF  |  LUT  | URAM|
    +------------------------------------------------+-------------------------------------+---------+-----+-------+-------+-----+
    |control_s_axi_U                                 |control_s_axi                        |        0|    0|    393|    682|    0|
    |dadddsub_64ns_64ns_64_5_full_dsp_1_U362         |dadddsub_64ns_64ns_64_5_full_dsp_1   |        0|    3|    457|    698|    0|
    |dadddsub_64ns_64ns_64_5_full_dsp_1_U374         |dadddsub_64ns_64ns_64_5_full_dsp_1   |        0|    3|    457|    698|    0|
    |dcmp_64ns_64ns_1_2_no_dsp_1_U363                |dcmp_64ns_64ns_1_2_no_dsp_1          |        0|    0|      0|      0|    0|
    |dcmp_64ns_64ns_1_2_no_dsp_1_U365                |dcmp_64ns_64ns_1_2_no_dsp_1          |        0|    0|      0|      0|    0|
    |dcmp_64ns_64ns_1_2_no_dsp_1_U367                |dcmp_64ns_64ns_1_2_no_dsp_1          |        0|    0|      0|      0|    0|
    |dcmp_64ns_64ns_1_2_no_dsp_1_U368                |dcmp_64ns_64ns_1_2_no_dsp_1          |        0|    0|      0|      0|    0|
    |dcmp_64ns_64ns_1_2_no_dsp_1_U369                |dcmp_64ns_64ns_1_2_no_dsp_1          |        0|    0|      0|      0|    0|
    |dcmp_64ns_64ns_1_2_no_dsp_1_U370                |dcmp_64ns_64ns_1_2_no_dsp_1          |        0|    0|      0|      0|    0|
    |dcmp_64ns_64ns_1_2_no_dsp_1_U371                |dcmp_64ns_64ns_1_2_no_dsp_1          |        0|    0|      0|      0|    0|
    |dcmp_64ns_64ns_1_2_no_dsp_1_U372                |dcmp_64ns_64ns_1_2_no_dsp_1          |        0|    0|      0|      0|    0|
    |dcmp_64ns_64ns_1_2_no_dsp_1_U373                |dcmp_64ns_64ns_1_2_no_dsp_1          |        0|    0|      0|      0|    0|
    |dcmp_64ns_64ns_1_2_no_dsp_1_U379                |dcmp_64ns_64ns_1_2_no_dsp_1          |        0|    0|      0|      0|    0|
    |dcmp_64ns_64ns_1_2_no_dsp_1_U380                |dcmp_64ns_64ns_1_2_no_dsp_1          |        0|    0|      0|      0|    0|
    |dcmp_64ns_64ns_1_2_no_dsp_1_U381                |dcmp_64ns_64ns_1_2_no_dsp_1          |        0|    0|      0|      0|    0|
    |dcmp_64ns_64ns_1_2_no_dsp_1_U382                |dcmp_64ns_64ns_1_2_no_dsp_1          |        0|    0|      0|      0|    0|
    |dcmp_64ns_64ns_1_2_no_dsp_1_U383                |dcmp_64ns_64ns_1_2_no_dsp_1          |        0|    0|      0|      0|    0|
    |dcmp_64ns_64ns_1_2_no_dsp_1_U384                |dcmp_64ns_64ns_1_2_no_dsp_1          |        0|    0|      0|      0|    0|
    |dcmp_64ns_64ns_1_2_no_dsp_1_U385                |dcmp_64ns_64ns_1_2_no_dsp_1          |        0|    0|      0|      0|    0|
    |dcmp_64ns_64ns_1_2_no_dsp_1_U386                |dcmp_64ns_64ns_1_2_no_dsp_1          |        0|    0|      0|      0|    0|
    |dcmp_64ns_64ns_1_2_no_dsp_1_U387                |dcmp_64ns_64ns_1_2_no_dsp_1          |        0|    0|      0|      0|    0|
    |dcmp_64ns_64ns_1_2_no_dsp_1_U388                |dcmp_64ns_64ns_1_2_no_dsp_1          |        0|    0|      0|      0|    0|
    |ddiv_64ns_64ns_64_31_no_dsp_1_U378              |ddiv_64ns_64ns_64_31_no_dsp_1        |        0|    0|      0|      0|    0|
    |dlog_64ns_64ns_64_39_full_dsp_1_U366            |dlog_64ns_64ns_64_39_full_dsp_1      |        0|   57|   2574|   1160|    0|
    |dmul_64ns_64ns_64_6_max_dsp_1_U364              |dmul_64ns_64ns_64_6_max_dsp_1        |        0|    8|    373|    119|    0|
    |dmul_64ns_64ns_64_6_max_dsp_1_U375              |dmul_64ns_64ns_64_6_max_dsp_1        |        0|    8|    373|    119|    0|
    |dmul_64ns_64ns_64_6_max_dsp_1_U376              |dmul_64ns_64ns_64_6_max_dsp_1        |        0|    8|    373|    119|    0|
    |dmul_64ns_64ns_64_6_max_dsp_1_U377              |dmul_64ns_64ns_64_6_max_dsp_1        |        0|    8|    373|    119|    0|
    |gmem0_m_axi_U                                   |gmem0_m_axi                          |       30|    0|   1415|   1585|    0|
    |grp_hw_sim_ast_fu_841                           |hw_sim_ast                           |        4|    0|   6262|   7148|    0|
    |grp_hw_sim_ihp_fu_779                           |hw_sim_ihp                           |       10|  151|  33578|  36841|    1|
    |grp_runOnfpga_Pipeline_1_fu_691                 |runOnfpga_Pipeline_1                 |        0|    0|    261|     72|    0|
    |grp_runOnfpga_Pipeline_6_fu_722                 |runOnfpga_Pipeline_6                 |        0|    0|     11|     60|    0|
    |grp_runOnfpga_Pipeline_VITIS_LOOP_227_2_fu_868  |runOnfpga_Pipeline_VITIS_LOOP_227_2  |        0|    0|     47|     77|    0|
    |grp_runOnfpga_Pipeline_alm_1_alm_2_fu_739       |runOnfpga_Pipeline_alm_1_alm_2       |        0|   26|   2586|   2926|    0|
    |grp_runOnfpga_Pipeline_init_1_fu_710            |runOnfpga_Pipeline_init_1            |        0|    0|     25|     73|    0|
    |grp_runOnfpga_Pipeline_init_2_fu_717            |runOnfpga_Pipeline_init_2            |        0|    0|     16|     66|    0|
    |grp_runOnfpga_Pipeline_main_1_fu_699            |runOnfpga_Pipeline_main_1            |        0|    0|    939|   2474|    0|
    |grp_runOnfpga_Pipeline_main_10_fu_883           |runOnfpga_Pipeline_main_10           |        0|    0|    665|    858|    0|
    |grp_runOnfpga_Pipeline_main_11_fu_770           |runOnfpga_Pipeline_main_11           |        0|    0|    262|     83|    0|
    |grp_runOnfpga_Pipeline_main_12_fu_892           |runOnfpga_Pipeline_main_12           |        0|    0|    879|   3361|    0|
    |grp_runOnfpga_Pipeline_main_2_2_fu_727          |runOnfpga_Pipeline_main_2_2          |        0|    0|   4983|  18634|    0|
    |grp_runOnfpga_Pipeline_main_5_fu_763            |runOnfpga_Pipeline_main_5            |        0|    0|    133|    124|    0|
    |grp_runOnfpga_Pipeline_main_7_fu_874            |runOnfpga_Pipeline_main_7            |        0|    0|    598|    822|    0|
    |grp_sim_alm_coeff_fu_854                        |sim_alm_coeff                        |       16|  133|  15265|  11494|    0|
    +------------------------------------------------+-------------------------------------+---------+-----+-------+-------+-----+
    |Total                                           |                                     |       60|  405|  73298|  90412|    1|
    +------------------------------------------------+-------------------------------------+---------+-----+-------+-------+-----+

    * DSP: 
    N/A

    * Memory: 
    +---------------+-----------------------------+---------+----+-----+-----+--------+-----+------+-------------+
    |     Memory    |            Module           | BRAM_18K| FF | LUT | URAM|  Words | Bits| Banks| W*Bits*Banks|
    +---------------+-----------------------------+---------+----+-----+-----+--------+-----+------+-------------+
    |agshock_U      |agshock_RAM_AUTO_1R1W        |        0|   8|   33|    0|     138|    8|     1|         1104|
    |hw_ihp_iter_U  |hw_ihp_iter_RAM_AUTO_1R1W    |        1|   0|    0|    0|     300|   32|     1|         9600|
    |idshock_V_U    |idshock_V_RAM_1P_URAM_1R1W   |        0|   4|  300|   12|  172700|   64|     1|     11052800|
    |kcross_l_U     |kcross_l_RAM_S2P_BRAM_2R1W   |       32|   0|    0|    0|   10000|   64|     1|       640000|
    |kmts_U         |kmts_RAM_AUTO_1R1W           |        0|   0|    0|    1|    1100|   64|     1|        70400|
    |st_env_1_U     |st_env_1_RAM_AUTO_1R1W       |        0|  64|   65|    0|      16|   64|     1|         1024|
    |st_kcross_U    |st_kcross_RAM_AUTO_2R1W      |       32|   0|    0|    0|   10000|   64|     1|       640000|
    |st_kprimes_U   |st_kprimes_RAM_2P_BRAM_1R1W  |        8|   0|    0|    0|    1600|   64|     1|       102400|
    +---------------+-----------------------------+---------+----+-----+-----+--------+-----+------+-------------+
    |Total          |                             |       73|  76|  398|   13|  195854|  424|     8|     12517328|
    +---------------+-----------------------------+---------+----+-----+-----+--------+-----+------+-------------+

    * FIFO: 
    N/A

    * Expression: 
    +-----------------------------------+----------+----+---+------+------------+------------+
    |           Variable Name           | Operation| DSP| FF|  LUT | Bitwidth P0| Bitwidth P1|
    +-----------------------------------+----------+----+---+------+------------+------------+
    |add_ln144_1_fu_1020_p2             |         +|   0|  0|    28|          21|          11|
    |add_ln144_fu_1032_p2               |         +|   0|  0|    18|          11|           1|
    |add_ln153_fu_1174_p2               |         +|   0|  0|    13|           6|           6|
    |add_ln158_9_fu_1202_p2             |         +|   0|  0|    13|           6|           6|
    |add_ln200_fu_1211_p2               |         +|   0|  0|    71|          64|           1|
    |add_ln211_fu_1304_p2               |         +|   0|  0|    21|          14|           1|
    |add_ln241_fu_1435_p2               |         +|   0|  0|    71|          64|          17|
    |add_ln253_fu_1515_p2               |         +|   0|  0|    71|          64|          14|
    |add_ln259_fu_1530_p2               |         +|   0|  0|    71|          64|          17|
    |empty_124_fu_1052_p2               |         +|   0|  0|    71|          64|          64|
    |tmp_fu_1038_p2                     |         +|   0|  0|    28|          21|          11|
    |ap_block_state103_on_subcall_done  |       and|   0|  0|     2|           1|           1|
    |ap_ext_blocking_cur_n              |       and|   0|  0|     2|           1|           1|
    |ap_ext_blocking_n                  |       and|   0|  0|     2|           1|           1|
    |ap_int_blocking_n                  |       and|   0|  0|     2|           1|           2|
    |ap_str_blocking_n                  |       and|   0|  0|     2|           1|           2|
    |grp_fu_941_p2                      |       and|   0|  0|     2|           1|           1|
    |icmp_ln144_fu_1026_p2              |      icmp|   0|  0|    11|          11|          11|
    |icmp_ln211_fu_1298_p2              |      icmp|   0|  0|    12|          14|          14|
    |icmp_ln224_1_fu_1362_p2            |      icmp|   0|  0|    24|          52|           1|
    |icmp_ln224_fu_1356_p2              |      icmp|   0|  0|    11|          11|           2|
    |lshr_ln153_fu_1190_p2              |      lshr|   0|  0|  2171|         512|         512|
    |ap_block_state1                    |        or|   0|  0|     2|           1|           1|
    |ap_block_state105_on_subcall_done  |        or|   0|  0|     2|           1|           1|
    |ap_block_state181_io               |        or|   0|  0|     2|           1|           1|
    |ap_block_state2_on_subcall_done    |        or|   0|  0|     2|           1|           1|
    |ap_block_state79_on_subcall_done   |        or|   0|  0|     2|           1|           1|
    |or_ln224_fu_1368_p2                |        or|   0|  0|     2|           1|           1|
    |shl_ln247_2_fu_1488_p2             |       shl|   0|  0|  2171|         512|         512|
    |shl_ln247_fu_1470_p2               |       shl|   0|  0|   182|          16|          64|
    |xor_ln247_fu_1460_p2               |       xor|   0|  0|     7|           6|           7|
    +-----------------------------------+----------+----+---+------+------------+------------+
    |Total                              |          |   0|  0|  5089|        1545|        1286|
    +-----------------------------------+----------+----+---+------+------------+------------+

    * Multiplexer: 
    +----------------------+------+-----------+-----+-----------+
    |         Name         |  LUT | Input Size| Bits| Total Bits|
    +----------------------+------+-----------+-----+-----------+
    |agshock_address0      |    20|          4|    8|         32|
    |agshock_ce0           |    20|          4|    1|          4|
    |agshock_we0           |     9|          2|    1|          2|
    |ap_NS_fsm             |  1345|        253|    1|        253|
    |ap_done               |     9|          2|    1|          2|
    |coeff_0_1_fu_462      |     9|          2|   64|        128|
    |coeff_1_2_fu_466      |     9|          2|   64|        128|
    |coeff_2_fu_470        |     9|          2|   64|        128|
    |coeff_3_2_fu_474      |     9|          2|   64|        128|
    |gmem0_ARADDR          |    26|          5|   64|        320|
    |gmem0_ARBURST         |    20|          4|    2|          8|
    |gmem0_ARCACHE         |    20|          4|    4|         16|
    |gmem0_ARID            |    20|          4|    1|          4|
    |gmem0_ARLEN           |    26|          5|   32|        160|
    |gmem0_ARLOCK          |    20|          4|    2|          8|
    |gmem0_ARPROT          |    20|          4|    3|         12|
    |gmem0_ARQOS           |    20|          4|    4|         16|
    |gmem0_ARREGION        |    20|          4|    4|         16|
    |gmem0_ARSIZE          |    20|          4|    3|         12|
    |gmem0_ARUSER          |    20|          4|    1|          4|
    |gmem0_ARVALID         |    26|          5|    1|          5|
    |gmem0_AWADDR          |    37|          7|   64|        448|
    |gmem0_AWBURST         |    20|          4|    2|          8|
    |gmem0_AWCACHE         |    20|          4|    4|         16|
    |gmem0_AWID            |    20|          4|    1|          4|
    |gmem0_AWLEN           |    26|          5|   32|        160|
    |gmem0_AWLOCK          |    20|          4|    2|          8|
    |gmem0_AWPROT          |    20|          4|    3|         12|
    |gmem0_AWQOS           |    20|          4|    4|         16|
    |gmem0_AWREGION        |    20|          4|    4|         16|
    |gmem0_AWSIZE          |    20|          4|    3|         12|
    |gmem0_AWUSER          |    20|          4|    1|          4|
    |gmem0_AWVALID         |    26|          5|    1|          5|
    |gmem0_BREADY          |    26|          5|    1|          5|
    |gmem0_RREADY          |    26|          5|    1|          5|
    |gmem0_WDATA           |    37|          7|  512|       3584|
    |gmem0_WID             |    20|          4|    1|          4|
    |gmem0_WLAST           |    20|          4|    1|          4|
    |gmem0_WSTRB           |    37|          7|   64|        448|
    |gmem0_WUSER           |    20|          4|    1|          4|
    |gmem0_WVALID          |    26|          5|    1|          5|
    |gmem0_blk_n_AR        |     9|          2|    1|          2|
    |gmem0_blk_n_AW        |     9|          2|    1|          2|
    |gmem0_blk_n_B         |     9|          2|    1|          2|
    |gmem0_blk_n_R         |     9|          2|    1|          2|
    |gmem0_blk_n_W         |     9|          2|    1|          2|
    |grp_fu_2087_ce        |    26|          5|    1|          5|
    |grp_fu_2087_p0        |    26|          5|   64|        320|
    |grp_fu_2087_p1        |    26|          5|   64|        320|
    |grp_fu_2091_ce        |    20|          4|    1|          4|
    |grp_fu_2091_opcode    |    20|          4|    5|         20|
    |grp_fu_2091_p0        |    20|          4|   64|        256|
    |grp_fu_2091_p1        |    20|          4|   64|        256|
    |grp_fu_2095_ce        |    14|          3|    1|          3|
    |grp_fu_2095_p0        |    14|          3|   64|        192|
    |grp_fu_2095_p1        |    14|          3|   64|        192|
    |grp_fu_2099_ce        |    14|          3|    1|          3|
    |grp_fu_2099_opcode    |    14|          3|    5|         15|
    |grp_fu_2099_p0        |    14|          3|   64|        192|
    |grp_fu_2099_p1        |    14|          3|   64|        192|
    |grp_fu_2103_ce        |    14|          3|    1|          3|
    |grp_fu_2103_opcode    |    14|          3|    5|         15|
    |grp_fu_2103_p0        |    14|          3|   64|        192|
    |grp_fu_2103_p1        |    14|          3|   64|        192|
    |grp_fu_2107_ce        |    14|          3|    1|          3|
    |grp_fu_2107_opcode    |    14|          3|    5|         15|
    |grp_fu_2107_p0        |    14|          3|   64|        192|
    |grp_fu_2107_p1        |    14|          3|   64|        192|
    |grp_fu_2111_ce        |    14|          3|    1|          3|
    |grp_fu_2111_opcode    |    14|          3|    5|         15|
    |grp_fu_2111_p0        |    14|          3|   64|        192|
    |grp_fu_2111_p1        |    14|          3|   64|        192|
    |grp_fu_2115_ce        |    14|          3|    1|          3|
    |grp_fu_2115_opcode    |    14|          3|    5|         15|
    |grp_fu_2115_p0        |    14|          3|   64|        192|
    |grp_fu_2115_p1        |    14|          3|   64|        192|
    |grp_fu_2119_ce        |    14|          3|    1|          3|
    |grp_fu_2119_opcode    |    14|          3|    5|         15|
    |grp_fu_2119_p0        |    14|          3|   64|        192|
    |grp_fu_2119_p1        |    14|          3|   64|        192|
    |grp_fu_2123_ce        |    14|          3|    1|          3|
    |grp_fu_2123_opcode    |    14|          3|    5|         15|
    |grp_fu_2123_p0        |    14|          3|   64|        192|
    |grp_fu_2123_p1        |    14|          3|   64|        192|
    |grp_fu_2127_ce        |    20|          4|    1|          4|
    |grp_fu_2127_opcode    |    20|          4|    2|          8|
    |grp_fu_2127_p0        |    20|          4|   64|        256|
    |grp_fu_2127_p1        |    20|          4|   64|        256|
    |grp_fu_2131_ce        |    20|          4|    1|          4|
    |grp_fu_2131_p0        |    20|          4|   64|        256|
    |grp_fu_2131_p1        |    20|          4|   64|        256|
    |grp_fu_2135_ce        |    14|          3|    1|          3|
    |grp_fu_2135_p0        |    14|          3|   64|        192|
    |grp_fu_2135_p1        |    14|          3|   64|        192|
    |grp_fu_2139_ce        |    14|          3|    1|          3|
    |grp_fu_2139_p0        |    14|          3|   64|        192|
    |grp_fu_2139_p1        |    14|          3|   64|        192|
    |grp_fu_2143_ce        |    20|          4|    1|          4|
    |grp_fu_2143_p0        |    20|          4|   64|        256|
    |grp_fu_2143_p1        |    20|          4|   64|        256|
    |grp_fu_2147_ce        |    14|          3|    1|          3|
    |grp_fu_2147_opcode    |    14|          3|    5|         15|
    |grp_fu_2147_p0        |    14|          3|   64|        192|
    |grp_fu_2147_p1        |    14|          3|   64|        192|
    |grp_fu_2151_ce        |    14|          3|    1|          3|
    |grp_fu_2151_opcode    |    14|          3|    5|         15|
    |grp_fu_2151_p0        |    14|          3|   64|        192|
    |grp_fu_2151_p1        |    14|          3|   64|        192|
    |grp_fu_2155_ce        |    14|          3|    1|          3|
    |grp_fu_2155_opcode    |    14|          3|    5|         15|
    |grp_fu_2155_p0        |    14|          3|   64|        192|
    |grp_fu_2155_p1        |    14|          3|   64|        192|
    |grp_fu_2159_ce        |    14|          3|    1|          3|
    |grp_fu_2159_opcode    |    14|          3|    5|         15|
    |grp_fu_2159_p0        |    14|          3|   64|        192|
    |grp_fu_2159_p1        |    14|          3|   64|        192|
    |grp_fu_2163_ce        |    14|          3|    1|          3|
    |grp_fu_2163_opcode    |    14|          3|    5|         15|
    |grp_fu_2163_p0        |    14|          3|   64|        192|
    |grp_fu_2163_p1        |    14|          3|   64|        192|
    |grp_fu_2167_ce        |    14|          3|    1|          3|
    |grp_fu_2167_opcode    |    14|          3|    5|         15|
    |grp_fu_2167_p0        |    14|          3|   64|        192|
    |grp_fu_2167_p1        |    14|          3|   64|        192|
    |grp_fu_2171_ce        |    14|          3|    1|          3|
    |grp_fu_2171_opcode    |    14|          3|    5|         15|
    |grp_fu_2171_p0        |    14|          3|   64|        192|
    |grp_fu_2171_p1        |    14|          3|   64|        192|
    |grp_fu_2175_ce        |    14|          3|    1|          3|
    |grp_fu_2175_opcode    |    14|          3|    5|         15|
    |grp_fu_2175_p0        |    14|          3|   64|        192|
    |grp_fu_2175_p1        |    14|          3|   64|        192|
    |grp_fu_2179_ce        |    14|          3|    1|          3|
    |grp_fu_2179_opcode    |    14|          3|    5|         15|
    |grp_fu_2179_p0        |    14|          3|   64|        192|
    |grp_fu_2179_p1        |    14|          3|   64|        192|
    |grp_fu_2183_ce        |    14|          3|    1|          3|
    |grp_fu_2183_opcode    |    14|          3|    5|         15|
    |grp_fu_2183_p0        |    14|          3|   64|        192|
    |grp_fu_2183_p1        |    14|          3|   64|        192|
    |grp_fu_902_ce         |    26|          5|    1|          5|
    |grp_fu_902_opcode     |    31|          6|    2|         12|
    |grp_fu_902_p0         |    31|          6|   64|        384|
    |grp_fu_902_p1         |    31|          6|   64|        384|
    |grp_fu_907_ce         |    26|          5|    1|          5|
    |grp_fu_907_opcode     |    26|          5|    5|         25|
    |grp_fu_907_p0         |    31|          6|   64|        384|
    |grp_fu_907_p1         |    31|          6|   64|        384|
    |grp_fu_941_p0         |    14|          3|    1|          3|
    |hw_ihp_iter_address0  |    20|          4|    9|         36|
    |hw_ihp_iter_ce0       |    20|          4|    1|          4|
    |hw_ihp_iter_d0        |    14|          3|   32|         96|
    |hw_ihp_iter_we0       |    14|          3|    1|          3|
    |hw_main_iter_fu_418   |     9|          2|   64|        128|
    |idshock_V_address0    |    20|          4|   18|         72|
    |idshock_V_ce0         |    20|          4|    1|          4|
    |idshock_V_d0          |    14|          3|   64|        192|
    |idshock_V_we0         |    14|          3|    1|          3|
    |indvar_fu_330         |     9|          2|   11|         22|
    |is_reg_668            |     9|          2|   14|         28|
    |j_fu_326              |     9|          2|   32|         64|
    |kcross_l_address0     |    14|          3|   14|         42|
    |kcross_l_address1     |    14|          3|   14|         42|
    |kcross_l_ce0          |    14|          3|    1|          3|
    |kcross_l_ce1          |    14|          3|    1|          3|
    |kcross_l_d1           |    14|          3|   64|        192|
    |kcross_l_we1          |    14|          3|    1|          3|
    |kcross_mean_reg_679   |     9|          2|   64|        128|
    |kmts_address0         |    14|          3|   11|         33|
    |kmts_ce0              |    14|          3|    1|          3|
    |kmts_ce1              |     9|          2|    1|          2|
    |kmts_we0              |     9|          2|    1|          2|
    |phi_ln198_reg_657     |     9|          2|    1|          2|
    |phi_mul_fu_322        |     9|          2|   21|         42|
    |st_env_1_address0     |    54|         10|    4|         40|
    |st_env_1_address1     |    49|          9|    4|         36|
    |st_env_1_ce0          |    14|          3|    1|          3|
    |st_env_1_d0           |    49|          9|   64|        576|
    |st_env_1_d1           |    49|          9|   64|        576|
    |st_kcross_address0    |    26|          5|   14|         70|
    |st_kcross_ce0         |    26|          5|    1|          5|
    |st_kcross_d0          |    14|          3|   64|        192|
    |st_kcross_we0         |    14|          3|    1|          3|
    |st_kprimes_address0   |    20|          4|   11|         44|
    |st_kprimes_address1   |    20|          4|   11|         44|
    |st_kprimes_ce0        |    20|          4|    1|          4|
    |st_kprimes_ce1        |    20|          4|    1|          4|
    |st_kprimes_d1         |    14|          3|   64|        192|
    |st_kprimes_we1        |    14|          3|    1|          3|
    +----------------------+------+-----------+-----+-----------+
    |Total                 |  4638|        926| 5429|      21423|
    +----------------------+------+-----------+-----+-----------+

    * Register: 
    +-------------------------------------------------------------+-----+----+-----+-----------+
    |                             Name                            |  FF | LUT| Bits| Const Bits|
    +-------------------------------------------------------------+-----+----+-----+-----------+
    |add_ln158_9_reg_1875                                         |    6|   0|    6|          0|
    |add_ln200_reg_1880                                           |   64|   0|   64|          0|
    |add_ln211_reg_1957                                           |   14|   0|   14|          0|
    |and_ln224_reg_2018                                           |    1|   0|    1|          0|
    |ap_CS_fsm                                                    |  252|   0|  252|          0|
    |ap_done_reg                                                  |    1|   0|    1|          0|
    |ap_ext_blocking_n_reg                                        |    1|   0|    1|          0|
    |ap_int_blocking_n_reg                                        |    1|   0|    1|          0|
    |ap_rst_n_inv                                                 |    1|   0|    1|          0|
    |ap_rst_reg_1                                                 |    1|   0|    1|          0|
    |ap_rst_reg_2                                                 |    1|   0|    1|          0|
    |ap_str_blocking_n_reg                                        |    1|   0|    1|          0|
    |coeff_0_1_fu_462                                             |   64|   0|   64|          0|
    |coeff_0_reg_1993                                             |   64|   0|   64|          0|
    |coeff_1_2_fu_466                                             |   64|   0|   64|          0|
    |coeff_1_reg_1998                                             |   64|   0|   64|          0|
    |coeff_2_1_reg_2003                                           |   64|   0|   64|          0|
    |coeff_2_fu_470                                               |   64|   0|   64|          0|
    |coeff_3_2_fu_474                                             |   64|   0|   64|          0|
    |coeff_3_reg_2008                                             |   64|   0|   64|          0|
    |empty_reg_1754                                               |    6|   0|    6|          0|
    |gmem0_addr_1_read_reg_1865                                   |  512|   0|  512|          0|
    |grp_hw_sim_ast_fu_841_ap_start_reg                           |    1|   0|    1|          0|
    |grp_hw_sim_ihp_fu_779_ap_start_reg                           |    1|   0|    1|          0|
    |grp_runOnfpga_Pipeline_1_fu_691_ap_start_reg                 |    1|   0|    1|          0|
    |grp_runOnfpga_Pipeline_6_fu_722_ap_start_reg                 |    1|   0|    1|          0|
    |grp_runOnfpga_Pipeline_VITIS_LOOP_227_2_fu_868_ap_start_reg  |    1|   0|    1|          0|
    |grp_runOnfpga_Pipeline_alm_1_alm_2_fu_739_ap_start_reg       |    1|   0|    1|          0|
    |grp_runOnfpga_Pipeline_init_1_fu_710_ap_start_reg            |    1|   0|    1|          0|
    |grp_runOnfpga_Pipeline_init_2_fu_717_ap_start_reg            |    1|   0|    1|          0|
    |grp_runOnfpga_Pipeline_main_10_fu_883_ap_start_reg           |    1|   0|    1|          0|
    |grp_runOnfpga_Pipeline_main_11_fu_770_ap_start_reg           |    1|   0|    1|          0|
    |grp_runOnfpga_Pipeline_main_12_fu_892_ap_start_reg           |    1|   0|    1|          0|
    |grp_runOnfpga_Pipeline_main_1_fu_699_ap_start_reg            |    1|   0|    1|          0|
    |grp_runOnfpga_Pipeline_main_2_2_fu_727_ap_start_reg          |    1|   0|    1|          0|
    |grp_runOnfpga_Pipeline_main_5_fu_763_ap_start_reg            |    1|   0|    1|          0|
    |grp_runOnfpga_Pipeline_main_7_fu_874_ap_start_reg            |    1|   0|    1|          0|
    |grp_sim_alm_coeff_fu_854_ap_start_reg                        |    1|   0|    1|          0|
    |hw_agshock_read_reg_1633                                     |   64|   0|   64|          0|
    |hw_idshock_read_reg_1627                                     |   64|   0|   64|          0|
    |hw_iter_read_reg_1611                                        |   64|   0|   64|          0|
    |hw_main_iter_fu_418                                          |   64|   0|   64|          0|
    |indvar_fu_330                                                |   11|   0|   11|          0|
    |is_reg_668                                                   |   14|   0|   14|          0|
    |j_fu_326                                                     |   32|   0|   32|          0|
    |kcross_mean_reg_679                                          |   64|   0|   64|          0|
    |kmprime_0_promoted382_fu_446                                 |   64|   0|   64|          0|
    |kmprime_1_promoted380_fu_442                                 |   64|   0|   64|          0|
    |kmprime_2_promoted378_fu_438                                 |   64|   0|   64|          0|
    |kmprime_3_promoted376_fu_434                                 |   64|   0|   64|          0|
    |kmprime_4_promoted374_fu_430                                 |   64|   0|   64|          0|
    |kmprime_5_promoted372_fu_426                                 |   64|   0|   64|          0|
    |kmprime_6_promoted370_fu_422                                 |   64|   0|   64|          0|
    |kmprime_7_promoted384_fu_450                                 |   64|   0|   64|          0|
    |metric_coeff_reg_1977                                        |   64|   0|   64|          0|
    |or_ln224_reg_2013                                            |    1|   0|    1|          0|
    |phi_ln198_reg_657                                            |    1|   0|    1|          0|
    |phi_mul_fu_322                                               |   21|   0|   21|          0|
    |phi_mul_load_reg_1745                                        |   21|   0|   21|          0|
    |r2_0_1_fu_454                                                |   64|   0|   64|          0|
    |r2_0_reg_1983                                                |   64|   0|   64|          0|
    |r2_1_1_fu_458                                                |   64|   0|   64|          0|
    |r2_1_reg_1988                                                |   64|   0|   64|          0|
    |reg_946                                                      |   64|   0|   64|          0|
    |reg_954                                                      |   64|   0|   64|          0|
    |reg_962                                                      |   64|   0|   64|          0|
    |reg_970                                                      |   64|   0|   64|          0|
    |results_read_reg_1618                                        |   64|   0|   64|          0|
    |shl_ln247_2_reg_2037                                         |  512|   0|  512|          0|
    |shl_ln247_reg_2032                                           |   64|   0|   64|          0|
    |st_env                                                       |   10|   0|   64|         54|
    |st_env_2_0                                                   |   35|   0|   64|         29|
    |st_env_2_1                                                   |   35|   0|   64|         29|
    |st_env_3_0                                                   |   37|   0|   64|         27|
    |st_env_3_1                                                   |   36|   0|   64|         28|
    |st_env_4_0                                                   |   38|   0|   64|         26|
    |st_env_4_1                                                   |   31|   0|   64|         33|
    |st_env_5_0                                                   |   34|   0|   64|         30|
    |st_env_5_1                                                   |   29|   0|   64|         35|
    |st_env_5_2                                                   |   34|   0|   64|         30|
    |st_env_5_3                                                   |   32|   0|   64|         32|
    |st_kcross_load_reg_1967                                      |   64|   0|   64|          0|
    |trunc_ln136_reg_1722                                         |    6|   0|    6|          0|
    |trunc_ln153_4_reg_1759                                       |   58|   0|   58|          0|
    |trunc_ln153_reg_1870                                         |   16|   0|   16|          0|
    |trunc_ln158_reg_1727                                         |    6|   0|    6|          0|
    |trunc_ln1_reg_2060                                           |   58|   0|   58|          0|
    |trunc_ln241_1_reg_1920                                       |   32|   0|   32|          0|
    |trunc_ln247_1_reg_2048                                       |   58|   0|   58|          0|
    |trunc_ln264_1_reg_2071                                       |   58|   0|   58|          0|
    |trunc_ln269_reg_2082                                         |    6|   0|    6|          0|
    |trunc_ln9_reg_2027                                           |   58|   0|   58|          0|
    |trunc_ln_reg_2054                                            |   58|   0|   58|          0|
    |zext_ln211_reg_1949                                          |   14|   0|   64|         50|
    +-------------------------------------------------------------+-----+----+-----+-----------+
    |Total                                                        | 4382|   0| 4785|        403|
    +-------------------------------------------------------------+-----+----+-----+-----------+



================================================================
== Interface
================================================================
* Summary: 
+-----------------------+-----+-----+---------------+--------------+--------------+
|       RTL Ports       | Dir | Bits|    Protocol   | Source Object|    C Type    |
+-----------------------+-----+-----+---------------+--------------+--------------+
|s_axi_control_AWVALID  |   in|    1|          s_axi|       control|        scalar|
|s_axi_control_AWREADY  |  out|    1|          s_axi|       control|        scalar|
|s_axi_control_AWADDR   |   in|    7|          s_axi|       control|        scalar|
|s_axi_control_WVALID   |   in|    1|          s_axi|       control|        scalar|
|s_axi_control_WREADY   |  out|    1|          s_axi|       control|        scalar|
|s_axi_control_WDATA    |   in|   32|          s_axi|       control|        scalar|
|s_axi_control_WSTRB    |   in|    4|          s_axi|       control|        scalar|
|s_axi_control_ARVALID  |   in|    1|          s_axi|       control|        scalar|
|s_axi_control_ARREADY  |  out|    1|          s_axi|       control|        scalar|
|s_axi_control_ARADDR   |   in|    7|          s_axi|       control|        scalar|
|s_axi_control_RVALID   |  out|    1|          s_axi|       control|        scalar|
|s_axi_control_RREADY   |   in|    1|          s_axi|       control|        scalar|
|s_axi_control_RDATA    |  out|   32|          s_axi|       control|        scalar|
|s_axi_control_RRESP    |  out|    2|          s_axi|       control|        scalar|
|s_axi_control_BVALID   |  out|    1|          s_axi|       control|        scalar|
|s_axi_control_BREADY   |   in|    1|          s_axi|       control|        scalar|
|s_axi_control_BRESP    |  out|    2|          s_axi|       control|        scalar|
|ap_local_block         |  out|    1|  ap_ctrl_chain|     runOnfpga|  return value|
|ap_clk                 |   in|    1|  ap_ctrl_chain|     runOnfpga|  return value|
|ap_rst_n               |   in|    1|  ap_ctrl_chain|     runOnfpga|  return value|
|event_done             |  out|    1|  ap_ctrl_chain|     runOnfpga|  return value|
|interrupt              |  out|    1|  ap_ctrl_chain|     runOnfpga|  return value|
|event_start            |  out|    1|  ap_ctrl_chain|     runOnfpga|  return value|
|stall_start_ext        |  out|    1|  ap_ctrl_chain|     runOnfpga|  return value|
|stall_done_ext         |  out|    1|  ap_ctrl_chain|     runOnfpga|  return value|
|stall_start_str        |  out|    1|  ap_ctrl_chain|     runOnfpga|  return value|
|stall_done_str         |  out|    1|  ap_ctrl_chain|     runOnfpga|  return value|
|stall_start_int        |  out|    1|  ap_ctrl_chain|     runOnfpga|  return value|
|stall_done_int         |  out|    1|  ap_ctrl_chain|     runOnfpga|  return value|
|m_axi_gmem0_AWVALID    |  out|    1|          m_axi|         gmem0|       pointer|
|m_axi_gmem0_AWREADY    |   in|    1|          m_axi|         gmem0|       pointer|
|m_axi_gmem0_AWADDR     |  out|   64|          m_axi|         gmem0|       pointer|
|m_axi_gmem0_AWID       |  out|    1|          m_axi|         gmem0|       pointer|
|m_axi_gmem0_AWLEN      |  out|    8|          m_axi|         gmem0|       pointer|
|m_axi_gmem0_AWSIZE     |  out|    3|          m_axi|         gmem0|       pointer|
|m_axi_gmem0_AWBURST    |  out|    2|          m_axi|         gmem0|       pointer|
|m_axi_gmem0_AWLOCK     |  out|    2|          m_axi|         gmem0|       pointer|
|m_axi_gmem0_AWCACHE    |  out|    4|          m_axi|         gmem0|       pointer|
|m_axi_gmem0_AWPROT     |  out|    3|          m_axi|         gmem0|       pointer|
|m_axi_gmem0_AWQOS      |  out|    4|          m_axi|         gmem0|       pointer|
|m_axi_gmem0_AWREGION   |  out|    4|          m_axi|         gmem0|       pointer|
|m_axi_gmem0_AWUSER     |  out|    1|          m_axi|         gmem0|       pointer|
|m_axi_gmem0_WVALID     |  out|    1|          m_axi|         gmem0|       pointer|
|m_axi_gmem0_WREADY     |   in|    1|          m_axi|         gmem0|       pointer|
|m_axi_gmem0_WDATA      |  out|  512|          m_axi|         gmem0|       pointer|
|m_axi_gmem0_WSTRB      |  out|   64|          m_axi|         gmem0|       pointer|
|m_axi_gmem0_WLAST      |  out|    1|          m_axi|         gmem0|       pointer|
|m_axi_gmem0_WID        |  out|    1|          m_axi|         gmem0|       pointer|
|m_axi_gmem0_WUSER      |  out|    1|          m_axi|         gmem0|       pointer|
|m_axi_gmem0_ARVALID    |  out|    1|          m_axi|         gmem0|       pointer|
|m_axi_gmem0_ARREADY    |   in|    1|          m_axi|         gmem0|       pointer|
|m_axi_gmem0_ARADDR     |  out|   64|          m_axi|         gmem0|       pointer|
|m_axi_gmem0_ARID       |  out|    1|          m_axi|         gmem0|       pointer|
|m_axi_gmem0_ARLEN      |  out|    8|          m_axi|         gmem0|       pointer|
|m_axi_gmem0_ARSIZE     |  out|    3|          m_axi|         gmem0|       pointer|
|m_axi_gmem0_ARBURST    |  out|    2|          m_axi|         gmem0|       pointer|
|m_axi_gmem0_ARLOCK     |  out|    2|          m_axi|         gmem0|       pointer|
|m_axi_gmem0_ARCACHE    |  out|    4|          m_axi|         gmem0|       pointer|
|m_axi_gmem0_ARPROT     |  out|    3|          m_axi|         gmem0|       pointer|
|m_axi_gmem0_ARQOS      |  out|    4|          m_axi|         gmem0|       pointer|
|m_axi_gmem0_ARREGION   |  out|    4|          m_axi|         gmem0|       pointer|
|m_axi_gmem0_ARUSER     |  out|    1|          m_axi|         gmem0|       pointer|
|m_axi_gmem0_RVALID     |   in|    1|          m_axi|         gmem0|       pointer|
|m_axi_gmem0_RREADY     |  out|    1|          m_axi|         gmem0|       pointer|
|m_axi_gmem0_RDATA      |   in|  512|          m_axi|         gmem0|       pointer|
|m_axi_gmem0_RLAST      |   in|    1|          m_axi|         gmem0|       pointer|
|m_axi_gmem0_RID        |   in|    1|          m_axi|         gmem0|       pointer|
|m_axi_gmem0_RUSER      |   in|    1|          m_axi|         gmem0|       pointer|
|m_axi_gmem0_RRESP      |   in|    2|          m_axi|         gmem0|       pointer|
|m_axi_gmem0_BVALID     |   in|    1|          m_axi|         gmem0|       pointer|
|m_axi_gmem0_BREADY     |  out|    1|          m_axi|         gmem0|       pointer|
|m_axi_gmem0_BRESP      |   in|    2|          m_axi|         gmem0|       pointer|
|m_axi_gmem0_BID        |   in|    1|          m_axi|         gmem0|       pointer|
|m_axi_gmem0_BUSER      |   in|    1|          m_axi|         gmem0|       pointer|
+-----------------------+-----+-----+---------------+--------------+--------------+

